[info] [API] Request for flow/create-entity: {
	"action": "flow/create-entity",
	"params": {},
	"context": {
		"workspace": {
			"rootPath": "/Users/wpietrzak/lowgular-course-entry"
		},
		"userContext": {
			"id": "gq1uR6JYwZ",
			"correlationId": "dehlZ8UvGc",
			"clickedPath": "/Users/wpietrzak/lowgular-course-entry/src/app/services/project",
			"logEnvId": "development"
		}
	},
	"level": "info",
	"message": "[API] Request for flow/create-entity"
}
[info] [CLI] Calling Query flow/create-entity: {
	"funcParams": {},
	"level": "info",
	"message": "[CLI] Calling Query flow/create-entity"
}
[info] [CLI] Called Query flow/create-entity: {
	"result": {
		"context": {
			"project": {
				"name": "lowgular-course-entry",
				"workspaceRoot": "/Users/wpietrzak/lowgular-course-entry",
				"root": "",
				"sourceRoot": "src",
				"prefix": "app",
				"codePathFromWorkspaceRoot": "src/app",
				"absoluteCodePath": "/Users/wpietrzak/lowgular-course-entry/src/app",
				"absoluteRootPath": "/Users/wpietrzak/lowgular-course-entry",
				"rootRoutingFilePath": "/Users/wpietrzak/lowgular-course-entry/src/app/app-routing.module.ts",
				"type": "App"
			}
		},
		"steps": [
			{
				"contextId": "entity",
				"title": "What do you want to create?",
				"type": "multi-option",
				"options": {
					"App": [
						{
							"id": "component",
							"suffix": "Component",
							"folder": "ui/$name$",
							"type": "ANGULAR_COMPONENT",
							"insideOf": "App",
							"config": {
								"stylesExtension": "none",
								"viewEncapsulation": "Emulated",
								"selector": "generated",
								"changeDetectionStrategy": "OnPush"
							}
						},
						{
							"id": "dataService",
							"suffix": "Service",
							"folder": "services",
							"type": "ANGULAR_SERVICE",
							"insideOf": "App"
						},
						{
							"id": "model",
							"suffix": "Model",
							"folder": "model",
							"type": "DATA_STRUCTURE",
							"insideOf": "App"
						},
						{
							"id": "response",
							"suffix": "Response",
							"folder": "services",
							"type": "DATA_STRUCTURE",
							"insideOf": "App"
						}
					],
					"Lib": []
				},
				"param": "project.type",
				"property": "id"
			},
			{
				"contextId": "name",
				"title": "What is the $entity.id$ name?",
				"subtitle": "e.g. user",
				"type": "text-input"
			},
			{
				"conditions": [
					{
						"left": "entity.type",
						"operator": "eq",
						"right": "DATA_STRUCTURE"
					},
					{
						"left": "entity.type",
						"operator": "eq",
						"right": "OBJECT"
					}
				],
				"contextId": "properties",
				"title": "What are the $entity.id$ properties?",
				"subtitle": "Optional: Can be empty... or use csv format e.g. id:number,text:string",
				"type": "multi-input"
			}
		],
		"request": {
			"scope": "entity.type",
			"config": {
				"LIBRARY": {
					"url": "library/create",
					"payload": {
						"name": "name.value"
					}
				},
				"OBJECT": {
					"url": "object/create",
					"payload": {
						"name": "name.value",
						"properties": "properties",
						"entityId": "entity.id"
					}
				},
				"DATA_STRUCTURE": {
					"url": "data-structure/create",
					"payload": {
						"name": "name.value",
						"properties": "properties",
						"entityId": "entity.id"
					}
				},
				"ANGULAR_COMPONENT": {
					"url": "angular-component/create",
					"payload": {
						"name": "name.value",
						"entityId": "entity.id"
					}
				},
				"ANGULAR_DIRECTIVE": {
					"url": "angular-directive/create",
					"payload": {
						"name": "name.value",
						"entityId": "entity.id"
					}
				},
				"ANGULAR_GUARD": {
					"url": "angular-guard/create",
					"payload": {
						"name": "name.value",
						"entityId": "entity.id"
					}
				},
				"ANGULAR_RESOLVER": {
					"url": "angular-resolver/create",
					"payload": {
						"name": "name.value",
						"entityId": "entity.id"
					}
				},
				"ANGULAR_SERVICE": {
					"url": "angular-service/create",
					"payload": {
						"name": "name.value",
						"entityId": "entity.id"
					}
				},
				"ABSTRACTION": {
					"url": "abstraction/create",
					"payload": {
						"name": "name.value",
						"entityId": "entity.id"
					}
				}
			}
		}
	},
	"level": "info",
	"message": "[CLI] Called Query flow/create-entity"
}
[info] [API] Response ok: flow/create-entity: {
	"result": {
		"context": {
			"project": {
				"name": "lowgular-course-entry",
				"workspaceRoot": "/Users/wpietrzak/lowgular-course-entry",
				"root": "",
				"sourceRoot": "src",
				"prefix": "app",
				"codePathFromWorkspaceRoot": "src/app",
				"absoluteCodePath": "/Users/wpietrzak/lowgular-course-entry/src/app",
				"absoluteRootPath": "/Users/wpietrzak/lowgular-course-entry",
				"rootRoutingFilePath": "/Users/wpietrzak/lowgular-course-entry/src/app/app-routing.module.ts",
				"type": "App"
			}
		},
		"steps": [
			{
				"contextId": "entity",
				"title": "What do you want to create?",
				"type": "multi-option",
				"options": {
					"App": [
						{
							"id": "component",
							"suffix": "Component",
							"folder": "ui/$name$",
							"type": "ANGULAR_COMPONENT",
							"insideOf": "App",
							"config": {
								"stylesExtension": "none",
								"viewEncapsulation": "Emulated",
								"selector": "generated",
								"changeDetectionStrategy": "OnPush"
							}
						},
						{
							"id": "dataService",
							"suffix": "Service",
							"folder": "services",
							"type": "ANGULAR_SERVICE",
							"insideOf": "App"
						},
						{
							"id": "model",
							"suffix": "Model",
							"folder": "model",
							"type": "DATA_STRUCTURE",
							"insideOf": "App"
						},
						{
							"id": "response",
							"suffix": "Response",
							"folder": "services",
							"type": "DATA_STRUCTURE",
							"insideOf": "App"
						}
					],
					"Lib": []
				},
				"param": "project.type",
				"property": "id"
			},
			{
				"contextId": "name",
				"title": "What is the $entity.id$ name?",
				"subtitle": "e.g. user",
				"type": "text-input"
			},
			{
				"conditions": [
					{
						"left": "entity.type",
						"operator": "eq",
						"right": "DATA_STRUCTURE"
					},
					{
						"left": "entity.type",
						"operator": "eq",
						"right": "OBJECT"
					}
				],
				"contextId": "properties",
				"title": "What are the $entity.id$ properties?",
				"subtitle": "Optional: Can be empty... or use csv format e.g. id:number,text:string",
				"type": "multi-input"
			}
		],
		"request": {
			"scope": "entity.type",
			"config": {
				"LIBRARY": {
					"url": "library/create",
					"payload": {
						"name": "name.value"
					}
				},
				"OBJECT": {
					"url": "object/create",
					"payload": {
						"name": "name.value",
						"properties": "properties",
						"entityId": "entity.id"
					}
				},
				"DATA_STRUCTURE": {
					"url": "data-structure/create",
					"payload": {
						"name": "name.value",
						"properties": "properties",
						"entityId": "entity.id"
					}
				},
				"ANGULAR_COMPONENT": {
					"url": "angular-component/create",
					"payload": {
						"name": "name.value",
						"entityId": "entity.id"
					}
				},
				"ANGULAR_DIRECTIVE": {
					"url": "angular-directive/create",
					"payload": {
						"name": "name.value",
						"entityId": "entity.id"
					}
				},
				"ANGULAR_GUARD": {
					"url": "angular-guard/create",
					"payload": {
						"name": "name.value",
						"entityId": "entity.id"
					}
				},
				"ANGULAR_RESOLVER": {
					"url": "angular-resolver/create",
					"payload": {
						"name": "name.value",
						"entityId": "entity.id"
					}
				},
				"ANGULAR_SERVICE": {
					"url": "angular-service/create",
					"payload": {
						"name": "name.value",
						"entityId": "entity.id"
					}
				},
				"ABSTRACTION": {
					"url": "abstraction/create",
					"payload": {
						"name": "name.value",
						"entityId": "entity.id"
					}
				}
			}
		}
	},
	"level": "info",
	"message": "[API] Response ok: flow/create-entity"
}
[info] [API] Request for angular-service/create: {
	"action": "angular-service/create",
	"params": {
		"name": "project",
		"entityId": "dataService"
	},
	"context": {
		"workspace": {
			"rootPath": "/Users/wpietrzak/lowgular-course-entry"
		},
		"userContext": {
			"id": "gq1uR6JYwZ",
			"correlationId": "dehlZ8UvGc",
			"clickedPath": "/Users/wpietrzak/lowgular-course-entry/src/app/services/project",
			"logEnvId": "development"
		}
	},
	"level": "info",
	"message": "[API] Request for angular-service/create"
}
[info] [CLI] Calling Command angular-service/create: {
	"funcParams": {
		"name": "project",
		"entityId": "dataService"
	},
	"level": "info",
	"message": "[CLI] Calling Command angular-service/create"
}
[info] [CommandBus]: Dispatching command CREATE_SERVICE: {
	"commandName": "CREATE_SERVICE",
	"payload": {
		"folderPath": "/Users/wpietrzak/lowgular-course-entry/src/app/services",
		"name": "project",
		"suffix": "Service"
	},
	"level": "info",
	"message": "[CommandBus]: Dispatching command CREATE_SERVICE"
}
[info] [EventBus]: Broadcasting event SERVICE_CREATED: {
	"type": "SERVICE_CREATED",
	"payload": {
		"createdFile": "/Users/wpietrzak/lowgular-course-entry/src/app/services/project.service.ts"
	},
	"level": "info",
	"message": "[EventBus]: Broadcasting event SERVICE_CREATED"
}
[info] [CommandBus]: Dispatching command MODULE_CREATE_SERVICE_MODULE: {
	"commandName": "MODULE_CREATE_SERVICE_MODULE",
	"payload": {
		"filePath": "/Users/wpietrzak/lowgular-course-entry/src/app/services/project.service.ts"
	},
	"level": "info",
	"message": "[CommandBus]: Dispatching command MODULE_CREATE_SERVICE_MODULE"
}
[info] [EventBus]: Broadcasted SERVICE_CREATED: {
	"event": {
		"createdFile": "/Users/wpietrzak/lowgular-course-entry/src/app/services/project.service.ts"
	},
	"level": "info",
	"message": "[EventBus]: Broadcasted SERVICE_CREATED"
}
[info] [EventBus]: Broadcasting event MODULE_MODULE_CREATED: {
	"type": "MODULE_MODULE_CREATED",
	"payload": {
		"moduleFile": "/Users/wpietrzak/lowgular-course-entry/src/app/services/project.service-module.ts"
	},
	"level": "info",
	"message": "[EventBus]: Broadcasting event MODULE_MODULE_CREATED"
}
[info] [EventBus]: Broadcasted MODULE_MODULE_CREATED: {
	"event": {
		"moduleFile": "/Users/wpietrzak/lowgular-course-entry/src/app/services/project.service-module.ts"
	},
	"level": "info",
	"message": "[EventBus]: Broadcasted MODULE_MODULE_CREATED"
}
[info] [CommandBus]: Handled  MODULE_CREATE_SERVICE_MODULE: {
	"commandName": "MODULE_CREATE_SERVICE_MODULE",
	"payload": {
		"filePath": "/Users/wpietrzak/lowgular-course-entry/src/app/services/project.service.ts"
	},
	"level": "info",
	"message": "[CommandBus]: Handled  MODULE_CREATE_SERVICE_MODULE"
}
[info] [CommandBus]: Handled  CREATE_SERVICE: {
	"commandName": "CREATE_SERVICE",
	"payload": {
		"folderPath": "/Users/wpietrzak/lowgular-course-entry/src/app/services",
		"name": "project",
		"suffix": "Service"
	},
	"level": "info",
	"message": "[CommandBus]: Handled  CREATE_SERVICE"
}
[info] [CLI] Called Command angular-service/create: {
	"message": "[CLI] Called Command angular-service/create",
	"level": "info"
}
[info] [API] Response ok: angular-service/create: {
	"result": {
		"filePath": "/Users/wpietrzak/lowgular-course-entry/src/app/services/project.service.ts"
	},
	"level": "info",
	"message": "[API] Response ok: angular-service/create"
}
